2020-10-25T15:29:53.688Z GET / {}
2020-10-25T15:29:54.065Z GET /styles.540d519c163a17d6a044.css {}
2020-10-25T15:29:54.214Z GET /main-es2015.d96264db5812f8b520a2.js {}
2020-10-25T15:29:54.214Z GET /runtime-es2015.409e6590615fb48d139f.js {}
2020-10-25T15:29:54.216Z GET /polyfills-es2015.95bb65e853d2781ac3bd.js {}
2020-10-25T15:29:54.477Z GET /data/routes {}
2020-10-25T15:29:54.624Z GET / {}
2020-10-25T15:29:54.728Z GET /styles.540d519c163a17d6a044.css {}
2020-10-25T15:29:54.855Z GET /runtime-es2015.409e6590615fb48d139f.js {}
2020-10-25T15:29:54.856Z GET /polyfills-es2015.95bb65e853d2781ac3bd.js {}
2020-10-25T15:29:54.857Z GET /main-es2015.d96264db5812f8b520a2.js {}
2020-10-25T15:29:54.971Z GET /data/routes {}
2020-10-25T15:29:55.086Z GET / {}
2020-10-25T15:29:55.167Z GET /styles.540d519c163a17d6a044.css {}
2020-10-25T15:29:55.303Z GET /runtime-es2015.409e6590615fb48d139f.js {}
2020-10-25T15:29:55.304Z GET /polyfills-es2015.95bb65e853d2781ac3bd.js {}
2020-10-25T15:29:55.304Z GET /main-es2015.d96264db5812f8b520a2.js {}
2020-10-25T15:29:55.403Z GET /data/routes {}
2020-10-25T15:29:55.491Z GET / {}
2020-10-25T15:29:55.575Z GET /styles.540d519c163a17d6a044.css {}
2020-10-25T15:29:55.821Z GET /runtime-es2015.409e6590615fb48d139f.js {}
2020-10-25T15:29:55.822Z GET /polyfills-es2015.95bb65e853d2781ac3bd.js {}
2020-10-25T15:29:55.822Z GET /main-es2015.d96264db5812f8b520a2.js {}
2020-10-25T15:29:55.914Z GET /data/routes {}
2020-10-25T15:29:56.009Z GET / {}
2020-10-25T15:29:56.075Z GET /styles.540d519c163a17d6a044.css {}
2020-10-25T15:29:56.290Z GET /runtime-es2015.409e6590615fb48d139f.js {}
2020-10-25T15:29:56.290Z GET /polyfills-es2015.95bb65e853d2781ac3bd.js {}
2020-10-25T15:29:56.291Z GET /main-es2015.d96264db5812f8b520a2.js {}
2020-10-25T15:29:56.442Z GET /data/routes {}
2020-10-25T15:29:56.482Z GET / {}
2020-10-25T15:29:56.555Z GET /styles.540d519c163a17d6a044.css {}
2020-10-25T15:29:56.722Z GET /runtime-es2015.409e6590615fb48d139f.js {}
2020-10-25T15:29:56.723Z GET /polyfills-es2015.95bb65e853d2781ac3bd.js {}
2020-10-25T15:29:56.723Z GET /main-es2015.d96264db5812f8b520a2.js {}
2020-10-25T15:29:56.831Z GET /data/routes {}
2020-10-25T15:29:56.871Z GET / {}
2020-10-25T15:29:56.976Z GET /styles.540d519c163a17d6a044.css {}
2020-10-25T15:29:57.121Z GET /runtime-es2015.409e6590615fb48d139f.js {}
2020-10-25T15:29:57.122Z GET /main-es2015.d96264db5812f8b520a2.js {}
2020-10-25T15:29:57.122Z GET /polyfills-es2015.95bb65e853d2781ac3bd.js {}
2020-10-25T15:29:57.216Z GET /data/routes {}
2020-10-25T15:29:57.403Z GET / {}
2020-10-25T15:29:57.515Z GET /styles.540d519c163a17d6a044.css {}
2020-10-25T15:29:57.711Z GET /runtime-es2015.409e6590615fb48d139f.js {}
2020-10-25T15:29:57.713Z GET /polyfills-es2015.95bb65e853d2781ac3bd.js {}
2020-10-25T15:29:57.716Z GET /main-es2015.d96264db5812f8b520a2.js {}
2020-10-25T15:29:57.798Z GET /data/routes {}
2020-10-25T15:30:01.077Z GET /favicon.ico {}
2020-10-25T15:33:34.266Z GET /data/bins {}
2020-10-25T15:34:14.781Z GET /data/bins {}
2020-10-25T15:34:33.302Z PUT /data/bins {
  dumbBinsDelete: [],
  dumbBinsCreate: [],
  dumbBinsUpdate: [
    {
      _id: '5f9599cc235690bc7b4f1f32',
      latitude: -37.83113210821479,
      longitude: 144.81648465694641,
      address: 'Raymond Road, Laverton North, City of Wyndham, Victoria, 3026, Australia',
      capacity: 308
    }
  ]
}
2020-10-25T15:34:46.037Z PUT /data/bins {
  dumbBinsDelete: [],
  dumbBinsCreate: [],
  dumbBinsUpdate: [
    {
      _id: '5f9599cc235690bc7b4f1f32',
      latitude: -37.83113210821479,
      longitude: 144.81648465694641,
      address: 'Raymond Road, Laverton North, City of Wyndham, Victoria, 3026, Australia',
      capacity: 308
    },
    {
      _id: '5f9599cc235690bc7b4f1f19',
      latitude: -37.86095409846369,
      longitude: 144.82884427608704,
      address: 'Hobsons Bay Coastal Trail, Altona Meadows, City of Hobsons Bay, Victoria, 3018, Australia',
      capacity: 472
    },
    {
      _id: '5f9599cc235690bc7b4f1f32',
      latitude: -37.83113210821479,
      longitude: 144.81648465694641,
      address: 'Raymond Road, Laverton North, City of Wyndham, Victoria, 3026, Australia',
      capacity: 308
    }
  ]
}
2020-10-25T15:35:24.085Z PUT /data/bins {
  dumbBinsDelete: [],
  dumbBinsCreate: [],
  dumbBinsUpdate: [
    {
      _id: '5f9599cc235690bc7b4f1f32',
      latitude: -37.83113210821479,
      longitude: 144.81648465694641,
      address: 'Raymond Road, Laverton North, City of Wyndham, Victoria, 3026, Australia',
      capacity: 308
    },
    {
      _id: '5f9599cc235690bc7b4f1f19',
      latitude: -37.86095409846369,
      longitude: 144.82884427608704,
      address: 'Hobsons Bay Coastal Trail, Altona Meadows, City of Hobsons Bay, Victoria, 3018, Australia',
      capacity: 472
    },
    {
      _id: '5f9599cc235690bc7b4f1f32',
      latitude: -37.83113210821479,
      longitude: 144.81648465694641,
      address: 'Raymond Road, Laverton North, City of Wyndham, Victoria, 3026, Australia',
      capacity: 308
    },
    {
      _id: '5f9599cc235690bc7b4f1f19',
      latitude: -37.86095409846369,
      longitude: 144.82884427608704,
      address: 'Hobsons Bay Coastal Trail, Altona Meadows, City of Hobsons Bay, Victoria, 3018, Australia',
      capacity: 472
    },
    {
      _id: '5f9599cc235690bc7b4f1f21',
      latitude: -37.749529941353174,
      longitude: 144.69652228289794,
      address: 'Dohertys Road, Villages of Rothwell, Truganina, City of Wyndham, Victoria, 3029, Australia',
      capacity: 465
    },
    {
      _id: '5f9599cc235690bc7b4f1f2a',
      latitude: -37.74084260121061,
      longitude: 144.579105901062,
      address: 'four ate five, Dohertys Road, Truganina, City of Wyndham, Victoria, 3027, Australia',
      capacity: 405
    },
    {
      _id: '5f9599cc235690bc7b4f1f32',
      latitude: -37.83113210821479,
      longitude: 144.81648465694641,
      address: 'Raymond Road, Laverton North, City of Wyndham, Victoria, 3026, Australia',
      capacity: 308
    },
    {
      _id: '5f9599cc235690bc7b4f1f33',
      latitude: -37.74817261167348,
      longitude: 144.6124082081909,
      address: 'Tallinga Street, The Heartlands, Tarneit, City of Wyndham, Victoria, 3029, Australia',
      capacity: 136
    }
  ]
}
2020-10-25T15:35:26.220Z GET /data/routes {}
2020-10-25T15:35:39.481Z GET /data/bins {}
2020-10-25T15:35:39.770Z GET /data/bins {}
2020-10-25T15:35:50.777Z PUT /data/bins {
  dumbBinsDelete: [],
  dumbBinsCreate: [],
  dumbBinsUpdate: [
    {
      _id: '5f9599cc235690bc7b4f1f21',
      latitude: -37.65410055800127,
      longitude: 144.30783134165722,
      address: 'Dohertys Road, Villages of Rothwell, Truganina, City of Wyndham, Victoria, 3029, Australia',
      capacity: 465
    }
  ]
}
2020-10-25T15:35:58.394Z GET /data/routes {}
2020-10-25T15:37:01.162Z GET /data/bins {}
2020-10-25T15:37:02.480Z GET /data/vehicles {}
2020-10-25T15:37:02.482Z GET /data/routes {}
2020-10-25T15:37:02.509Z GET /data/vehicles {}
2020-10-25T15:37:24.390Z PUT /data/vehicles {
  fleetVehiclesDelete: [],
  fleetVehiclesCreate: [],
  fleetVehiclesUpdate: [
    {
      _id: '5f9599cb235690bc7b4f1ed2',
      rego: 'GHIJKL',
      capacity: 5000,
      available: true,
      icon: 10,
      homeDepot: '5f9599cb235690bc7b4f1ed0'
    }
  ]
}
2020-10-25T15:37:43.466Z PUT /data/vehicles {
  fleetVehiclesDelete: [],
  fleetVehiclesCreate: [],
  fleetVehiclesUpdate: [
    {
      _id: '5f9599cb235690bc7b4f1ed2',
      rego: 'GHIJKL',
      capacity: 1000,
      available: true,
      icon: 10,
      homeDepot: '5f9599cb235690bc7b4f1ed0'
    },
    {
      _id: '5f9599cb235690bc7b4f1ed1',
      rego: 'ABCDEF',
      capacity: 20000,
      available: true,
      icon: 1,
      homeDepot: '5f9599cb235690bc7b4f1ed0'
    },
    {
      _id: '5f9599cb235690bc7b4f1ed2',
      rego: 'GHIJKL',
      capacity: 1000,
      available: true,
      icon: 10,
      homeDepot: '5f9599cb235690bc7b4f1ed0'
    }
  ]
}
2020-10-25T15:37:50.694Z GET / {}
2020-10-25T15:37:50.909Z GET /runtime-es2015.409e6590615fb48d139f.js {}
2020-10-25T15:37:50.911Z GET /main-es2015.d96264db5812f8b520a2.js {}
2020-10-25T15:37:50.912Z GET /styles.540d519c163a17d6a044.css {}
2020-10-25T15:37:50.914Z GET /polyfills-es2015.95bb65e853d2781ac3bd.js {}
2020-10-25T15:37:51.252Z GET /data/vehicles {}
2020-10-25T15:37:51.256Z GET /data/routes {}
2020-10-25T15:37:51.260Z GET /data/vehicles {}
2020-10-25T15:37:51.429Z GET / {}
2020-10-25T15:37:51.577Z GET /styles.540d519c163a17d6a044.css {}
2020-10-25T15:37:51.714Z GET /runtime-es2015.409e6590615fb48d139f.js {}
2020-10-25T15:37:51.715Z GET /polyfills-es2015.95bb65e853d2781ac3bd.js {}
2020-10-25T15:37:51.715Z GET /main-es2015.d96264db5812f8b520a2.js {}
2020-10-25T15:37:51.820Z GET /data/vehicles {}
2020-10-25T15:37:51.821Z GET /data/routes {}
2020-10-25T15:37:51.938Z GET /data/vehicles {}
2020-10-25T15:37:53.509Z GET /favicon.ico {}
2020-10-25T15:38:25.227Z GET /data/bins {}
2020-10-25T15:39:16.944Z GET /data/routes {}
2020-10-25T15:39:26.095Z GET / {}
2020-10-25T15:39:26.219Z GET /styles.540d519c163a17d6a044.css {}
2020-10-25T15:39:26.377Z GET /runtime-es2015.409e6590615fb48d139f.js {}
2020-10-25T15:39:26.378Z GET /polyfills-es2015.95bb65e853d2781ac3bd.js {}
2020-10-25T15:39:26.380Z GET /main-es2015.d96264db5812f8b520a2.js {}
2020-10-25T15:39:26.676Z GET /data/routes {}
2020-10-25T15:39:27.215Z GET /favicon.ico {}
2020-10-25T15:39:30.151Z GET /data/bins {}
2020-10-25T15:39:31.161Z GET /data/vehicles {}
2020-10-25T15:39:31.165Z GET /data/routes {}
2020-10-25T15:39:31.172Z GET /data/vehicles {}
2020-10-25T15:39:35.071Z GET /data/routes {}
2020-10-25T15:39:37.204Z GET /data/bins {}
2020-10-25T15:39:38.096Z GET /data/vehicles {}
2020-10-25T15:39:38.099Z GET /data/routes {}
2020-10-25T15:39:38.105Z GET /data/vehicles {}
2020-10-25T15:39:38.833Z GET /data/bins {}
2020-10-25T15:39:40.650Z GET /data/vehicles {}
2020-10-25T15:39:40.651Z GET /data/routes {}
2020-10-25T15:39:40.659Z GET /data/vehicles {}
2020-10-25T15:40:22.190Z PUT /data/vehicles {
  fleetVehiclesDelete: [],
  fleetVehiclesCreate: [],
  fleetVehiclesUpdate: [
    {
      _id: '5f9599cb235690bc7b4f1ed1',
      rego: 'ABCDEF',
      capacity: 20001,
      available: true,
      icon: 1,
      homeDepot: '5f9599cb235690bc7b4f1ed0'
    }
  ]
}
2020-10-25T15:40:29.716Z GET /data/bins {}
2020-10-25T15:40:31.304Z GET /data/bins {}
2020-10-25T15:40:42.055Z GET /data/routes {}
2020-10-25T15:40:59.739Z GET /data/bins {}
2020-10-25T15:41:45.501Z PUT /data/bins {
  dumbBinsDelete: [
    '5f9599cc235690bc7b4f1f39',
    '5f9599cc235690bc7b4f1f19',
    '5f9599cc235690bc7b4f1f29',
    '5f9599cc235690bc7b4f1f32',
    '5f9599cc235690bc7b4f1f22'
  ],
  dumbBinsCreate: [
    {
      latitude: -37.79808344522517,
      longitude: 145.20716080009,
      address: '',
      capacity: 100
    },
    {
      latitude: -37.82669469942437,
      longitude: 144.87751956780778,
      address: '',
      capacity: 100
    },
    {
      latitude: -37.841336973228806,
      longitude: 144.87297054131852,
      address: '',
      capacity: 100
    },
    {
      latitude: -37.8142588,
      longitude: 144.9666622,
      address: '',
      capacity: 100
    }
  ],
  dumbBinsUpdate: []
}
2020-10-25T15:42:08.019Z PUT /data/bins {
  dumbBinsDelete: [
    '5f9599cc235690bc7b4f1f39',
    '5f9599cc235690bc7b4f1f19',
    '5f9599cc235690bc7b4f1f29',
    '5f9599cc235690bc7b4f1f32',
    '5f9599cc235690bc7b4f1f22'
  ],
  dumbBinsCreate: [
    {
      latitude: -37.79808344522517,
      longitude: 145.20716080009,
      address: 'asdasdasd',
      capacity: 100
    },
    {
      latitude: -37.82669469942437,
      longitude: 144.87751956780778,
      address: 'hahhaha',
      capacity: 100
    },
    {
      latitude: -37.841336973228806,
      longitude: 144.87297054131852,
      address: 'lololo',
      capacity: 100
    },
    {
      latitude: -37.8142588,
      longitude: 144.9666622,
      address: 'aaaaaaa',
      capacity: 100
    }
  ],
  dumbBinsUpdate: []
}
2020-10-25T15:42:53.353Z GET /data/routes {}
